2020-10-23 09:35:29 - Starting C:\Program Files\nodejs\node.exe  --harmony --max_old_space_size=4096 C:\Users\User\AppData\Roaming\npm\node_modules\node-windows\lib\wrapper.js --file C:\Users\User\Documents\GitHub\shellapp\app.js --scriptoptions= --log "Shell App wrapper" --grow 0.25 --wait 1 --maxrestarts 3 --abortonerror n --stopparentfirst undefined
2020-10-23 09:35:29 - Started 10336
2020-10-23 09:41:53 - Stopping shellapp.exe
2020-10-23 09:41:53 - ProcessKill 10336
2020-10-23 09:41:53 - Found child process: 6596 Name: conhost.exe
2020-10-23 09:41:53 - Found child process: 12488 Name: node.exe
2020-10-23 09:41:53 - Stopping process 6596
2020-10-23 09:41:53 - Send SIGINT 6596
2020-10-23 09:41:53 - SIGINT to 6596 failed - Killing as fallback
2020-10-23 09:41:53 - Stopping process 12488
2020-10-23 09:41:53 - Send SIGINT 12488
2020-10-23 09:41:53 - SIGINT to 12488 failed - Killing as fallback
2020-10-23 09:41:53 - Stopping process 10336
2020-10-23 09:41:53 - Send SIGINT 10336
2020-10-23 09:41:53 - SIGINT to 10336 failed - Killing as fallback
2020-10-23 09:41:53 - Finished shellapp.exe
2020-10-23 09:44:22 - Starting C:\Program Files\nodejs\node.exe  --harmony --max_old_space_size=4096 C:\Users\User\AppData\Roaming\npm\node_modules\node-windows\lib\wrapper.js --file C:\Users\User\Documents\GitHub\shellapp\app.js --scriptoptions= --log "Shell App wrapper" --grow 0.25 --wait 1 --maxrestarts 3 --abortonerror n --stopparentfirst undefined
2020-10-23 09:44:22 - Started 8460
2020-10-23 09:53:11 - Stopping shellapp.exe
2020-10-23 09:53:11 - ProcessKill 8460
2020-10-23 09:53:11 - Found child process: 4044 Name: conhost.exe
2020-10-23 09:53:11 - Found child process: 2112 Name: node.exe
2020-10-23 09:53:12 - Stopping process 4044
2020-10-23 09:53:12 - Send SIGINT 4044
2020-10-23 09:53:12 - SIGINT to 4044 failed - Killing as fallback
2020-10-23 09:53:12 - Stopping process 2112
2020-10-23 09:53:12 - Send SIGINT 2112
2020-10-23 09:53:12 - SIGINT to 2112 failed - Killing as fallback
2020-10-23 09:53:12 - Stopping process 8460
2020-10-23 09:53:12 - Send SIGINT 8460
2020-10-23 09:53:12 - SIGINT to 8460 failed - Killing as fallback
2020-10-23 09:53:12 - Finished shellapp.exe
2020-10-23 13:38:41 - Starting C:\Program Files\nodejs\node.exe  --harmony --max_old_space_size=4096 C:\Users\User\AppData\Roaming\npm\node_modules\node-windows\lib\wrapper.js --file C:\Users\User\Documents\GitHub\shellapp\app.js --scriptoptions= --log "Shell App wrapper" --grow 0.25 --wait 1 --maxrestarts 3 --abortonerror n --stopparentfirst undefined
2020-10-23 13:38:42 - Started 6032
2020-10-23 14:44:29 - Stopping shellapp.exe
2020-10-23 14:44:29 - ProcessKill 6032
2020-10-23 14:44:29 - Found child process: 6072 Name: conhost.exe
2020-10-23 14:44:29 - Found child process: 6292 Name: node.exe
2020-10-23 14:44:29 - Stopping process 6072
2020-10-23 14:44:29 - Send SIGINT 6072
2020-10-23 14:44:29 - SIGINT to 6072 failed - Killing as fallback
2020-10-23 14:44:29 - Stopping process 6292
2020-10-23 14:44:29 - Send SIGINT 6292
2020-10-23 14:44:29 - SIGINT to 6292 failed - Killing as fallback
2020-10-23 14:44:29 - Stopping process 6032
2020-10-23 14:44:29 - Send SIGINT 6032
2020-10-23 14:44:29 - SIGINT to 6032 failed - Killing as fallback
2020-10-23 14:44:29 - Finished shellapp.exe
