Error: Failed to lookup view "pages/index.ejs" in views directory "C:\Users\User\Documents\NodeWindows\views"
    at Function.render (C:\Users\User\Documents\GitHub\shellapp\node_modules\express\lib\application.js:580:17)
    at ServerResponse.render (C:\Users\User\Documents\GitHub\shellapp\node_modules\express\lib\response.js:1012:7)
    at app.get (C:\Users\User\Documents\GitHub\shellapp\app.js:15:7)
    at Layer.handle [as handle_request] (C:\Users\User\Documents\GitHub\shellapp\node_modules\express\lib\router\layer.js:95:5)
    at next (C:\Users\User\Documents\GitHub\shellapp\node_modules\express\lib\router\route.js:137:13)
    at Route.dispatch (C:\Users\User\Documents\GitHub\shellapp\node_modules\express\lib\router\route.js:112:3)
    at Layer.handle [as handle_request] (C:\Users\User\Documents\GitHub\shellapp\node_modules\express\lib\router\layer.js:95:5)
    at C:\Users\User\Documents\GitHub\shellapp\node_modules\express\lib\router\index.js:281:22
    at Function.process_params (C:\Users\User\Documents\GitHub\shellapp\node_modules\express\lib\router\index.js:335:12)
    at next (C:\Users\User\Documents\GitHub\shellapp\node_modules\express\lib\router\index.js:275:10)
{ [Error: ORA-12514: TNS:listener does not currently know of service requested in connect descriptor] errorNum: 12514, offset: 0 }
Error: ORA-12514: TNS:listener does not currently know of service requested in connect descriptor
internal/child_process.js:366
    throw errnoException(err, 'spawn');
    ^

Error: spawn EROFS
    at ChildProcess.spawn (internal/child_process.js:366:11)
    at spawn (child_process.js:551:9)
    at Object.execFile (child_process.js:221:15)
    at exec (child_process.js:152:18)
    at write (C:\Users\User\AppData\Roaming\npm\node_modules\node-windows\lib\eventlog.js:67:3)
    at logger.value [as warn] (C:\Users\User\AppData\Roaming\npm\node_modules\node-windows\lib\eventlog.js:185:9)
    at launch (C:\Users\User\AppData\Roaming\npm\node_modules\node-windows\lib\wrapper.js:143:18)
    at process.<anonymous> (C:\Users\User\AppData\Roaming\npm\node_modules\node-windows\lib\wrapper.js:201:5)
    at process.emit (events.js:198:13)
    at process._fatalException (internal/bootstrap/node.js:496:27)
